<?xml version="1.0" encoding="UTF-8"?>
<testsuite xmlns:xsi="http://www.w3.org/2001/XMLSchema-instance" xsi:noNamespaceSchemaLocation="https://maven.apache.org/surefire/maven-surefire-plugin/xsd/surefire-test-report.xsd" version="3.0.1" name="com.wordle.unit.WordServiceTest" time="0.007" tests="6" errors="0" skipped="0" failures="0">
  <properties>
[...]
</properties>
  <testcase name="ShouldBeAbleToVerifyInput" classname="com.wordle.unit.WordServiceTest" time="0.001"/>
  <testcase name="ShouldThrowExceptionWhenInputIsTooLong" classname="com.wordle.unit.WordServiceTest" time="0.001"/>
  <testcase name="ShouldDecodeUnicode" classname="com.wordle.unit.WordServiceTest" time="0.0"/>
  <testcase name="ShouldRemovesAccentsAndUppercases" classname="com.wordle.unit.WordServiceTest" time="0.002"/>
  <testcase name="ShouldThrowExceptionWhenInputIsTooShort" classname="com.wordle.unit.WordServiceTest" time="0.0"/>
  <testcase name="ShouldExtractFieldFromJson" classname="com.wordle.unit.WordServiceTest" time="0.0"/>
</testsuite>